✓ Detected python project
▶ Starting tina4python on 0.0.0.0:7145
  ▶ Starting agent server on port 9145
  ℹ Loaded 6 agents: supervisor, planner, coder, vision, image-gen, debug
  ℹ Background thinking loop started (every 5 min)
  ✓ Agent server listening on http://127.0.0.1:9145
[31m2026-04-13T12:20:51.457Z [ERROR  ] Failed to load /var/home/work/gitdir/testing-tina4/pypy/src/orm/author.py: Field.__init__() got an unexpected keyword argument 'auto_now_add'[0m
[31m2026-04-13T12:20:51.457Z [ERROR  ] Failed to load /var/home/work/gitdir/testing-tina4/pypy/src/orm/blog_post.py: Field.__init__() got an unexpected keyword argument 'auto_now_add'[0m
[31m2026-04-13T12:20:51.458Z [ERROR  ] Failed to load /var/home/work/gitdir/testing-tina4/pypy/src/orm/comment.py: Field.__init__() got an unexpected keyword argument 'auto_now_add'[0m
[31m2026-04-13T12:20:51.458Z [ERROR  ] Failed to load /var/home/work/gitdir/testing-tina4/pypy/src/orm/note.py: Field.__init__() got an unexpected keyword argument 'auto_now_add'[0m
[36m2026-04-13T12:20:51.458Z [DEBUG  ] Loaded: src.orm.product[0m
[31m2026-04-13T12:20:51.458Z [ERROR  ] Failed to load /var/home/work/gitdir/testing-tina4/pypy/src/orm/task.py: Field.__init__() got an unexpected keyword argument 'auto_now_add'[0m
[36m2026-04-13T12:20:51.459Z [DEBUG  ] Loaded: src.orm.user[0m
[36m2026-04-13T12:20:51.459Z [DEBUG  ] Route registered: GET /api/public/info (auth=public)[0m
[36m2026-04-13T12:20:51.459Z [DEBUG  ] Route registered: GET /api/profile (auth=required)[0m
[36m2026-04-13T12:20:51.459Z [DEBUG  ] Loaded: src.routes.auth_decorators[0m
[36m2026-04-13T12:20:51.459Z [DEBUG  ] Route registered: GET /chapter8/init (auth=public)[0m
[36m2026-04-13T12:20:51.460Z [DEBUG  ] Route registered: POST /chapter8/register (auth=public)[0m
[36m2026-04-13T12:20:51.460Z [DEBUG  ] Route registered: POST /chapter8/login (auth=public)[0m
[36m2026-04-13T12:20:51.460Z [DEBUG  ] Route registered: GET /chapter8/profile (auth=public)[0m
[36m2026-04-13T12:20:51.460Z [DEBUG  ] Route registered: GET /chapter8/secured (auth=required)[0m
[36m2026-04-13T12:20:51.460Z [DEBUG  ] Route registered: GET /chapter9/set-session (auth=public)[0m
[36m2026-04-13T12:20:51.460Z [DEBUG  ] Route registered: GET /chapter9/get-session (auth=public)[0m
[36m2026-04-13T12:20:51.460Z [DEBUG  ] Route registered: GET /chapter9/flash-set (auth=public)[0m
[36m2026-04-13T12:20:51.460Z [DEBUG  ] Route registered: GET /chapter9/flash-get (auth=public)[0m
[36m2026-04-13T12:20:51.460Z [DEBUG  ] Route registered: GET /chapter9/cookie-set (auth=public)[0m
[36m2026-04-13T12:20:51.460Z [DEBUG  ] Route registered: GET /chapter9/cookie-get (auth=public)[0m
[36m2026-04-13T12:20:51.461Z [DEBUG  ] Loaded: src.routes.auth_session_test[0m
[31m2026-04-13T12:20:51.461Z [ERROR  ] Failed to load /var/home/work/gitdir/testing-tina4/pypy/src/routes/autocrud_test.py: Field.__init__() got an unexpected keyword argument 'auto_now_add'[0m
[31m2026-04-13T12:20:51.462Z [ERROR  ] Failed to load /var/home/work/gitdir/testing-tina4/pypy/src/routes/blog.py: Field.__init__() got an unexpected keyword argument 'auto_now_add'[0m
[36m2026-04-13T12:20:51.462Z [DEBUG  ] Route registered: GET /api/account (auth=public)[0m
error: get_account.secure() failed: 'function' object has no attribute 'secure'
[36m2026-04-13T12:20:51.462Z [DEBUG  ] Route registered: GET /api/catalog (auth=public)[0m
[36m2026-04-13T12:20:51.462Z [DEBUG  ] Route registered: GET /api/important_data (auth=public)[0m
[36m2026-04-13T12:20:51.463Z [DEBUG  ] Loaded: src.routes.chaining[0m
[36m2026-04-13T12:20:51.463Z [DEBUG  ] Route registered: POST /api/contact (auth=required)[0m
[36m2026-04-13T12:20:51.463Z [DEBUG  ] Route registered: GET /api/contact/submissions (auth=public)[0m
[36m2026-04-13T12:20:51.463Z [DEBUG  ] Loaded: src.routes.contact[0m
[36m2026-04-13T12:20:51.464Z [DEBUG  ] Route registered: POST /api/files/upload (auth=required)[0m
[36m2026-04-13T12:20:51.464Z [DEBUG  ] Loaded: src.routes.file_upload_example[0m
[36m2026-04-13T12:20:51.464Z [DEBUG  ] Route registered: POST /test/files (auth=public)[0m
[36m2026-04-13T12:20:51.464Z [DEBUG  ] Loaded: src.routes.files_test[0m
[36m2026-04-13T12:20:51.464Z [DEBUG  ] Route registered: GET /gotcha/users/{id}/posts/{id} (auth=public)[0m
[36m2026-04-13T12:20:51.464Z [DEBUG  ] Route registered: GET /items/{id:int} (auth=public)[0m
[36m2026-04-13T12:20:51.464Z [DEBUG  ] Route registered: GET /items/export (auth=public)[0m
[36m2026-04-13T12:20:51.465Z [DEBUG  ] Route registered: GET /gotcha/order (auth=public)[0m
[36m2026-04-13T12:20:51.465Z [DEBUG  ] Route registered: GET /gotcha/sync (auth=public)[0m
[36m2026-04-13T12:20:51.465Z [DEBUG  ] Loaded: src.routes.gotchas[0m
[36m2026-04-13T12:20:51.465Z [DEBUG  ] Route registered: GET /api/greeting/{name} (auth=public)[0m
[36m2026-04-13T12:20:51.465Z [DEBUG  ] Route registered: GET /api/greet (auth=public)[0m
[36m2026-04-13T12:20:51.465Z [DEBUG  ] Route registered: POST /api/greeting (auth=required)[0m
[36m2026-04-13T12:20:51.465Z [DEBUG  ] Loaded: src.routes.greeting[0m
[31m2026-04-13T12:20:51.465Z [ERROR  ] Failed to load /var/home/work/gitdir/testing-tina4/pypy/src/routes/groups.py: register_api_v1() takes 0 positional arguments but 1 was given[0m
[36m2026-04-13T12:20:51.466Z [DEBUG  ] Route registered: GET /hello (auth=public)[0m
[36m2026-04-13T12:20:51.466Z [DEBUG  ] Route registered: GET /hello-redirect (auth=public)[0m
[36m2026-04-13T12:20:51.466Z [DEBUG  ] Loaded: src.routes.hello[0m
[36m2026-04-13T12:20:51.466Z [DEBUG  ] Route registered: GET /products (auth=public)[0m
[36m2026-04-13T12:20:51.466Z [DEBUG  ] Route registered: POST /products (auth=required)[0m
[36m2026-04-13T12:20:51.466Z [DEBUG  ] Route registered: PUT /products/{id} (auth=required)[0m
[36m2026-04-13T12:20:51.466Z [DEBUG  ] Route registered: PATCH /products/{id} (auth=required)[0m
[36m2026-04-13T12:20:51.466Z [DEBUG  ] Route registered: DELETE /products/{id} (auth=required)[0m
[36m2026-04-13T12:20:51.466Z [DEBUG  ] Loaded: src.routes.https[0m
[36m2026-04-13T12:20:51.467Z [DEBUG  ] Route registered: GET /chapter10/test-timing (auth=public)[0m
[36m2026-04-13T12:20:51.467Z [DEBUG  ] Route registered: GET /chapter10/test-log (auth=public)[0m
[36m2026-04-13T12:20:51.467Z [DEBUG  ] Route registered: GET /chapter10/test-short-circuit (auth=public)[0m
[31m2026-04-13T12:20:51.467Z [ERROR  ] Failed to load /var/home/work/gitdir/testing-tina4/pypy/src/routes/middleware_test.py: secure_group() takes 0 positional arguments but 1 was given[0m
[36m2026-04-13T12:20:51.467Z [DEBUG  ] Route registered: GET /api/middleware-test (auth=public)[0m
[36m2026-04-13T12:20:51.467Z [DEBUG  ] Loaded: src.routes.middleware_v2[0m
[36m2026-04-13T12:20:51.468Z [DEBUG  ] Route registered: GET /api/data (auth=public)[0m
[36m2026-04-13T12:20:51.468Z [DEBUG  ] Route registered: GET /api/secret (auth=public)[0m
[36m2026-04-13T12:20:51.468Z [DEBUG  ] Route registered: GET /api/important (auth=public)[0m
[36m2026-04-13T12:20:51.468Z [DEBUG  ] Loaded: src.routes.middlewares[0m
[36m2026-04-13T12:20:51.468Z [DEBUG  ] Route registered: GET /api/notes (auth=public)[0m
[36m2026-04-13T12:20:51.468Z [DEBUG  ] Route registered: GET /api/notes/categories (auth=public)[0m
[36m2026-04-13T12:20:51.468Z [DEBUG  ] Route registered: GET /api/notes/{id:int} (auth=public)[0m
[36m2026-04-13T12:20:51.468Z [DEBUG  ] Route registered: POST /api/notes (auth=required)[0m
[36m2026-04-13T12:20:51.468Z [DEBUG  ] Route registered: PUT /api/notes/{id:int} (auth=required)[0m
[36m2026-04-13T12:20:51.468Z [DEBUG  ] Route registered: DELETE /api/notes/{id:int} (auth=required)[0m
[36m2026-04-13T12:20:51.469Z [DEBUG  ] Loaded: src.routes.notes[0m
[31m2026-04-13T12:20:51.469Z [ERROR  ] Failed to load /var/home/work/gitdir/testing-tina4/pypy/src/routes/orm_chapter_six.py: Field.__init__() got an unexpected keyword argument 'auto_now_add'[0m
[36m2026-04-13T12:20:51.469Z [DEBUG  ] Route registered: GET /test-orm-init (auth=public)[0m
[36m2026-04-13T12:20:51.469Z [DEBUG  ] Loaded: src.routes.orm_deadlock_test[0m
[36m2026-04-13T12:20:51.470Z [DEBUG  ] Route registered: GET /products (auth=public)[0m
[36m2026-04-13T12:20:51.470Z [DEBUG  ] Loaded: src.routes.pages[0m
[36m2026-04-13T12:20:51.470Z [DEBUG  ] Route registered: GET /nested/home (auth=public)[0m
[36m2026-04-13T12:20:51.470Z [DEBUG  ] Loaded: src.routes.pages_nested.home[0m✓ Browser opened: http://localhost:7145
👁 Framework hot reload active — press Ctrl+C to stop

[36m2026-04-13T12:20:51.470Z [DEBUG  ] Route registered: GET /users/{id}/posts/{post_id} (auth=public)[0m
[36m2026-04-13T12:20:51.471Z [DEBUG  ] Route registered: GET /orders/{id:int} (auth=public)[0m
[36m2026-04-13T12:20:51.471Z [DEBUG  ] Route registered: GET /products/{id:int} (auth=public)[0m
[36m2026-04-13T12:20:51.471Z [DEBUG  ] Route registered: GET /products/{id:int}/price/{price:float} (auth=public)[0m
[36m2026-04-13T12:20:51.471Z [DEBUG  ] Route registered: GET /files/{filepath:path} (auth=public)[0m
[36m2026-04-13T12:20:51.471Z [DEBUG  ] Loaded: src.routes.pathparams[0m
[36m2026-04-13T12:20:51.471Z [DEBUG  ] Route registered: GET /api/products (auth=public)[0m
[36m2026-04-13T12:20:51.472Z [DEBUG  ] Route registered: GET /api/products/{id:int} (auth=public)[0m
[36m2026-04-13T12:20:51.472Z [DEBUG  ] Route registered: POST /api/products (auth=public)[0m
[36m2026-04-13T12:20:51.472Z [DEBUG  ] Route registered: PUT /api/products/{id:int} (auth=required)[0m
[36m2026-04-13T12:20:51.472Z [DEBUG  ] Route registered: DELETE /api/products/{id:int} (auth=required)[0m
[36m2026-04-13T12:20:51.472Z [DEBUG  ] Loaded: src.routes.product_api[0m
[36m2026-04-13T12:20:51.472Z [DEBUG  ] Route registered: GET /search (auth=public)[0m
[36m2026-04-13T12:20:51.472Z [DEBUG  ] Loaded: src.routes.queries[0m
[36m2026-04-13T12:20:51.473Z [DEBUG  ] Route registered: GET /chapter7/init (auth=public)[0m
[36m2026-04-13T12:20:51.473Z [DEBUG  ] Route registered: GET /chapter7/test-basics (auth=public)[0m
[36m2026-04-13T12:20:51.473Z [DEBUG  ] Route registered: GET /chapter7/test-joins (auth=public)[0m
[36m2026-04-13T12:20:51.473Z [DEBUG  ] Route registered: GET /chapter7/test-aggregation (auth=public)[0m
[36m2026-04-13T12:20:51.473Z [DEBUG  ] Route registered: GET /chapter7/test-execution (auth=public)[0m
[36m2026-04-13T12:20:51.473Z [DEBUG  ] Route registered: GET /chapter7/test-mongo (auth=public)[0m
[36m2026-04-13T12:20:51.473Z [DEBUG  ] Loaded: src.routes.query_builder_test[0m
[36m2026-04-13T12:20:51.474Z [DEBUG  ] Route registered: GET /chapter3/check (auth=public)[0m
[36m2026-04-13T12:20:51.474Z [DEBUG  ] Route registered: GET /chapter3/info (auth=public)[0m
[36m2026-04-13T12:20:51.474Z [DEBUG  ] Route registered: GET /chapter3/users/{id:int}/posts/{slug} (auth=public)[0m
[36m2026-04-13T12:20:51.474Z [DEBUG  ] Route registered: GET /chapter3/search (auth=public)[0m
[36m2026-04-13T12:20:51.474Z [DEBUG  ] Route registered: POST /chapter3/feedback (auth=required)[0m
[36m2026-04-13T12:20:51.474Z [DEBUG  ] Route registered: GET /chapter3/headers (auth=public)[0m
[36m2026-04-13T12:20:51.474Z [DEBUG  ] Route registered: GET /chapter3/whoami (auth=public)[0m
[36m2026-04-13T12:20:51.474Z [DEBUG  ] Route registered: GET /chapter3/cookies (auth=public)[0m
[36m2026-04-13T12:20:51.475Z [DEBUG  ] Route registered: POST /chapter3/upload (auth=required)[0m
[36m2026-04-13T12:20:51.475Z [DEBUG  ] Route registered: POST /chapter3/upload/save (auth=required)[0m
[36m2026-04-13T12:20:51.475Z [DEBUG  ] Route registered: GET /chapter3/status-test/{code:int} (auth=public)[0m
[36m2026-04-13T12:20:51.475Z [DEBUG  ] Route registered: GET /chapter3/welcome-html (auth=public)[0m
[36m2026-04-13T12:20:51.475Z [DEBUG  ] Route registered: GET /chapter3/robots-test.txt (auth=public)[0m
[36m2026-04-13T12:20:51.475Z [DEBUG  ] Route registered: GET /chapter3/old-url (auth=public)[0m
[36m2026-04-13T12:20:51.475Z [DEBUG  ] Route registered: GET /chapter3/dashboard (auth=public)[0m
[36m2026-04-13T12:20:51.475Z [DEBUG  ] Route registered: GET /chapter3/download/test (auth=public)[0m
[36m2026-04-13T12:20:51.476Z [DEBUG  ] Route registered: GET /chapter3/headers-chain (auth=public)[0m
[36m2026-04-13T12:20:51.476Z [DEBUG  ] Route registered: POST /chapter3/session-test (auth=required)[0m
[36m2026-04-13T12:20:51.476Z [DEBUG  ] Loaded: src.routes.request_response[0m
[36m2026-04-13T12:20:51.476Z [DEBUG  ] Route registered: GET /test/slicing (auth=public)[0m
[36m2026-04-13T12:20:51.476Z [DEBUG  ] Loaded: src.routes.slicing_test[0m
[36m2026-04-13T12:20:51.476Z [DEBUG  ] Route registered: GET /store (auth=public)[0m
[36m2026-04-13T12:20:51.476Z [DEBUG  ] Loaded: src.routes.store[0m
[36m2026-04-13T12:20:51.477Z [DEBUG  ] Route registered: GET /about (auth=public)[0m
[36m2026-04-13T12:20:51.477Z [DEBUG  ] Route registered: GET /about-explicit (auth=public)[0m
[36m2026-04-13T12:20:51.477Z [DEBUG  ] Route registered: GET /templates/variables (auth=public)[0m
[36m2026-04-13T12:20:51.477Z [DEBUG  ] Route registered: GET /templates/filters (auth=public)[0m
[36m2026-04-13T12:20:51.477Z [DEBUG  ] Route registered: GET /templates/logic (auth=public)[0m
[36m2026-04-13T12:20:51.477Z [DEBUG  ] Route registered: GET /templates/inheritance (auth=public)[0m
[36m2026-04-13T12:20:51.477Z [DEBUG  ] Loaded: src.routes.templates_test[0m
[36m2026-04-13T12:20:51.532Z [DEBUG  ] Route registered: GET /wild/{*path} (auth=public)[0m
Export group: FAILED
[36m2026-04-13T12:20:51.532Z [DEBUG  ] Loaded: src.routes.v3_10_50_test[0m
[36m2026-04-13T12:20:51.533Z [DEBUG  ] Route registered: POST /chapter4/validate (auth=required)[0m
[36m2026-04-13T12:20:51.533Z [DEBUG  ] Route registered: POST /chapter4/error (auth=required)[0m
[36m2026-04-13T12:20:51.533Z [DEBUG  ] Loaded: src.routes.validation[0m
[36m2026-04-13T12:20:51.533Z [DEBUG  ] Route registered: GET /test-verify/{id:int} (auth=public)[0m
[36m2026-04-13T12:20:51.533Z [DEBUG  ] Route registered: POST /test-upload (auth=public)[0m
[36m2026-04-13T12:20:51.534Z [DEBUG  ] Route registered: GET /test-wild/{*path} (auth=public)[0m
[36m2026-04-13T12:20:51.534Z [DEBUG  ] Loaded: src.routes.verify_v74[0m
[36m2026-04-13T12:20:51.534Z [DEBUG  ] Route registered: GET /docs/* (auth=public)[0m
[36m2026-04-13T12:20:51.534Z [DEBUG  ] Route registered: GET /* (auth=public)[0m
[36m2026-04-13T12:20:51.534Z [DEBUG  ] Loaded: src.routes.wildcards[0m
[32m2026-04-13T12:20:51.534Z [INFO   ] Discovered 103 routes[0m
  Port 7145 in use — killing existing process...
[32m2026-04-13T12:20:51.619Z [INFO   ] DevReload: file watcher started (interval=3.0s)[0m

  ______ _             __ __
 /_  __/(_)___  ____ _/ // /
  / /  / / __ \/ __ `/ // /_
 / /  / / / / / /_/ /__  __/
/_/  /_/_/ /_/\__,_/  /_/

  Tina4 Python v3.11.1 — The Intelligent Native Application 4ramework

  Server:    http://localhost:7145 (asyncio)
  Swagger:   http://localhost:7145/swagger
  Dashboard: http://localhost:7145/__dev
  Debug:     ON (Log level: ALL)
  Test Port: http://localhost:8145 (stable — no hot-reload)

[32m2026-04-13T12:20:51.619Z [INFO   ] Server started http://localhost:7145 (asyncio)[0m
[32m2026-04-13T12:20:51.620Z [INFO   ] Test port: http://localhost:8145 (stable — no hot-reload)[0m
[32m2026-04-13T12:20:51.620Z [INFO   ] Development server: asyncio[0m
[36m2026-04-13T12:20:51.622Z [DEBUG  ] DevReload: watching src, public (extensions: .css, .html, .js, .py, .scss, .twig)[0m
[32m2026-04-13T12:25:32.068Z [INFO   ] [4f705b83] Shutting down gracefully...[0m
[32m2026-04-13T12:25:32.070Z [INFO   ] [4f705b83] Server stopped.[0m
